{
  "/home/gil/Documents/Projects/trail/frontend/src/stores/api.ts": {
    "path": "/home/gil/Documents/Projects/trail/frontend/src/stores/api.ts",
    "statementMap": {
      "0": {
        "start": {
          "line": 2,
          "column": 17
        },
        "end": {
          "line": 4,
          "column": 2
        }
      }
    },
    "fnMap": {},
    "branchMap": {},
    "s": {
      "0": 44
    },
    "f": {},
    "b": {},
    "inputSourceMap": {
      "version": 3,
      "sources": [
        "/home/gil/Documents/Projects/trail/frontend/src/stores/api.ts"
      ],
      "mappings": "AAAA,OAAO,WAAW;AAClB,MAAM,WAAW,MAAM,OAAO;AAAA,EAC5B,SAAS,YAAY,IAAI;AAC3B,CAAC;AACD,eAAe;",
      "names": []
    },
    "_coverageSchema": "1a1c01bbd47fc00a2c39e90264f33305004495a9",
    "hash": "fbc4e27f5942e9747712e290985d9fa84c2c0a92"
  },
  "/home/gil/Documents/Projects/trail/frontend/src/stores/route/types.ts": {
    "path": "/home/gil/Documents/Projects/trail/frontend/src/stores/route/types.ts",
    "statementMap": {
      "0": {
        "start": {
          "line": 4,
          "column": 4
        },
        "end": {
          "line": 4,
          "column": 19
        }
      },
      "1": {
        "start": {
          "line": 5,
          "column": 4
        },
        "end": {
          "line": 5,
          "column": 23
        }
      },
      "2": {
        "start": {
          "line": 6,
          "column": 4
        },
        "end": {
          "line": 6,
          "column": 31
        }
      },
      "3": {
        "start": {
          "line": 7,
          "column": 4
        },
        "end": {
          "line": 7,
          "column": 37
        }
      },
      "4": {
        "start": {
          "line": 10,
          "column": 4
        },
        "end": {
          "line": 10,
          "column": 20
        }
      },
      "5": {
        "start": {
          "line": 13,
          "column": 4
        },
        "end": {
          "line": 13,
          "column": 29
        }
      },
      "6": {
        "start": {
          "line": 16,
          "column": 4
        },
        "end": {
          "line": 16,
          "column": 36
        }
      },
      "7": {
        "start": {
          "line": 19,
          "column": 4
        },
        "end": {
          "line": 19,
          "column": 22
        }
      },
      "8": {
        "start": {
          "line": 22,
          "column": 4
        },
        "end": {
          "line": 22,
          "column": 22
        }
      },
      "9": {
        "start": {
          "line": 25,
          "column": 4
        },
        "end": {
          "line": 25,
          "column": 26
        }
      },
      "10": {
        "start": {
          "line": 28,
          "column": 4
        },
        "end": {
          "line": 30,
          "column": 5
        }
      },
      "11": {
        "start": {
          "line": 29,
          "column": 6
        },
        "end": {
          "line": 29,
          "column": 20
        }
      },
      "12": {
        "start": {
          "line": 31,
          "column": 4
        },
        "end": {
          "line": 31,
          "column": 35
        }
      },
      "13": {
        "start": {
          "line": 34,
          "column": 4
        },
        "end": {
          "line": 36,
          "column": 5
        }
      },
      "14": {
        "start": {
          "line": 35,
          "column": 6
        },
        "end": {
          "line": 35,
          "column": 20
        }
      },
      "15": {
        "start": {
          "line": 37,
          "column": 4
        },
        "end": {
          "line": 37,
          "column": 57
        }
      },
      "16": {
        "start": {
          "line": 42,
          "column": 4
        },
        "end": {
          "line": 42,
          "column": 19
        }
      },
      "17": {
        "start": {
          "line": 43,
          "column": 4
        },
        "end": {
          "line": 43,
          "column": 23
        }
      },
      "18": {
        "start": {
          "line": 44,
          "column": 4
        },
        "end": {
          "line": 44,
          "column": 25
        }
      },
      "19": {
        "start": {
          "line": 45,
          "column": 4
        },
        "end": {
          "line": 45,
          "column": 37
        }
      },
      "20": {
        "start": {
          "line": 46,
          "column": 4
        },
        "end": {
          "line": 46,
          "column": 76
        }
      },
      "21": {
        "start": {
          "line": 50,
          "column": 4
        },
        "end": {
          "line": 50,
          "column": 20
        }
      },
      "22": {
        "start": {
          "line": 53,
          "column": 4
        },
        "end": {
          "line": 53,
          "column": 22
        }
      },
      "23": {
        "start": {
          "line": 56,
          "column": 4
        },
        "end": {
          "line": 56,
          "column": 29
        }
      },
      "24": {
        "start": {
          "line": 59,
          "column": 4
        },
        "end": {
          "line": 59,
          "column": 36
        }
      },
      "25": {
        "start": {
          "line": 62,
          "column": 4
        },
        "end": {
          "line": 62,
          "column": 39
        }
      },
      "26": {
        "start": {
          "line": 65,
          "column": 4
        },
        "end": {
          "line": 65,
          "column": 23
        }
      },
      "27": {
        "start": {
          "line": 68,
          "column": 4
        },
        "end": {
          "line": 70,
          "column": 5
        }
      },
      "28": {
        "start": {
          "line": 69,
          "column": 6
        },
        "end": {
          "line": 69,
          "column": 20
        }
      },
      "29": {
        "start": {
          "line": 71,
          "column": 4
        },
        "end": {
          "line": 71,
          "column": 42
        }
      },
      "30": {
        "start": {
          "line": 74,
          "column": 4
        },
        "end": {
          "line": 76,
          "column": 5
        }
      },
      "31": {
        "start": {
          "line": 75,
          "column": 6
        },
        "end": {
          "line": 75,
          "column": 20
        }
      },
      "32": {
        "start": {
          "line": 77,
          "column": 4
        },
        "end": {
          "line": 77,
          "column": 79
        }
      },
      "33": {
        "start": {
          "line": 80,
          "column": 4
        },
        "end": {
          "line": 80,
          "column": 26
        }
      }
    },
    "fnMap": {
      "0": {
        "name": "(anonymous_0)",
        "decl": {
          "start": {
            "line": 3,
            "column": 2
          },
          "end": {
            "line": 3,
            "column": 3
          }
        },
        "loc": {
          "start": {
            "line": 3,
            "column": 51
          },
          "end": {
            "line": 8,
            "column": 3
          }
        },
        "line": 3
      },
      "1": {
        "name": "(anonymous_1)",
        "decl": {
          "start": {
            "line": 9,
            "column": 2
          },
          "end": {
            "line": 9,
            "column": 3
          }
        },
        "loc": {
          "start": {
            "line": 9,
            "column": 11
          },
          "end": {
            "line": 11,
            "column": 3
          }
        },
        "line": 9
      },
      "2": {
        "name": "(anonymous_2)",
        "decl": {
          "start": {
            "line": 12,
            "column": 2
          },
          "end": {
            "line": 12,
            "column": 3
          }
        },
        "loc": {
          "start": {
            "line": 12,
            "column": 20
          },
          "end": {
            "line": 14,
            "column": 3
          }
        },
        "line": 12
      },
      "3": {
        "name": "(anonymous_3)",
        "decl": {
          "start": {
            "line": 15,
            "column": 2
          },
          "end": {
            "line": 15,
            "column": 3
          }
        },
        "loc": {
          "start": {
            "line": 15,
            "column": 31
          },
          "end": {
            "line": 17,
            "column": 3
          }
        },
        "line": 15
      },
      "4": {
        "name": "(anonymous_4)",
        "decl": {
          "start": {
            "line": 18,
            "column": 2
          },
          "end": {
            "line": 18,
            "column": 3
          }
        },
        "loc": {
          "start": {
            "line": 18,
            "column": 13
          },
          "end": {
            "line": 20,
            "column": 3
          }
        },
        "line": 18
      },
      "5": {
        "name": "(anonymous_5)",
        "decl": {
          "start": {
            "line": 21,
            "column": 2
          },
          "end": {
            "line": 21,
            "column": 3
          }
        },
        "loc": {
          "start": {
            "line": 21,
            "column": 17
          },
          "end": {
            "line": 23,
            "column": 3
          }
        },
        "line": 21
      },
      "6": {
        "name": "(anonymous_6)",
        "decl": {
          "start": {
            "line": 24,
            "column": 2
          },
          "end": {
            "line": 24,
            "column": 3
          }
        },
        "loc": {
          "start": {
            "line": 24,
            "column": 17
          },
          "end": {
            "line": 26,
            "column": 3
          }
        },
        "line": 24
      },
      "7": {
        "name": "(anonymous_7)",
        "decl": {
          "start": {
            "line": 27,
            "column": 2
          },
          "end": {
            "line": 27,
            "column": 3
          }
        },
        "loc": {
          "start": {
            "line": 27,
            "column": 14
          },
          "end": {
            "line": 32,
            "column": 3
          }
        },
        "line": 27
      },
      "8": {
        "name": "(anonymous_8)",
        "decl": {
          "start": {
            "line": 33,
            "column": 2
          },
          "end": {
            "line": 33,
            "column": 3
          }
        },
        "loc": {
          "start": {
            "line": 33,
            "column": 12
          },
          "end": {
            "line": 38,
            "column": 3
          }
        },
        "line": 33
      },
      "9": {
        "name": "(anonymous_9)",
        "decl": {
          "start": {
            "line": 41,
            "column": 2
          },
          "end": {
            "line": 41,
            "column": 3
          }
        },
        "loc": {
          "start": {
            "line": 41,
            "column": 62
          },
          "end": {
            "line": 47,
            "column": 3
          }
        },
        "line": 41
      },
      "10": {
        "name": "(anonymous_10)",
        "decl": {
          "start": {
            "line": 49,
            "column": 2
          },
          "end": {
            "line": 49,
            "column": 3
          }
        },
        "loc": {
          "start": {
            "line": 49,
            "column": 11
          },
          "end": {
            "line": 51,
            "column": 3
          }
        },
        "line": 49
      },
      "11": {
        "name": "(anonymous_11)",
        "decl": {
          "start": {
            "line": 52,
            "column": 2
          },
          "end": {
            "line": 52,
            "column": 3
          }
        },
        "loc": {
          "start": {
            "line": 52,
            "column": 13
          },
          "end": {
            "line": 54,
            "column": 3
          }
        },
        "line": 52
      },
      "12": {
        "name": "(anonymous_12)",
        "decl": {
          "start": {
            "line": 55,
            "column": 2
          },
          "end": {
            "line": 55,
            "column": 3
          }
        },
        "loc": {
          "start": {
            "line": 55,
            "column": 20
          },
          "end": {
            "line": 57,
            "column": 3
          }
        },
        "line": 55
      },
      "13": {
        "name": "(anonymous_13)",
        "decl": {
          "start": {
            "line": 58,
            "column": 2
          },
          "end": {
            "line": 58,
            "column": 3
          }
        },
        "loc": {
          "start": {
            "line": 58,
            "column": 31
          },
          "end": {
            "line": 60,
            "column": 3
          }
        },
        "line": 58
      },
      "14": {
        "name": "(anonymous_14)",
        "decl": {
          "start": {
            "line": 61,
            "column": 2
          },
          "end": {
            "line": 61,
            "column": 3
          }
        },
        "loc": {
          "start": {
            "line": 61,
            "column": 20
          },
          "end": {
            "line": 63,
            "column": 3
          }
        },
        "line": 61
      },
      "15": {
        "name": "(anonymous_15)",
        "decl": {
          "start": {
            "line": 64,
            "column": 2
          },
          "end": {
            "line": 64,
            "column": 3
          }
        },
        "loc": {
          "start": {
            "line": 64,
            "column": 14
          },
          "end": {
            "line": 66,
            "column": 3
          }
        },
        "line": 64
      },
      "16": {
        "name": "(anonymous_16)",
        "decl": {
          "start": {
            "line": 67,
            "column": 2
          },
          "end": {
            "line": 67,
            "column": 3
          }
        },
        "loc": {
          "start": {
            "line": 67,
            "column": 14
          },
          "end": {
            "line": 72,
            "column": 3
          }
        },
        "line": 67
      },
      "17": {
        "name": "(anonymous_17)",
        "decl": {
          "start": {
            "line": 73,
            "column": 2
          },
          "end": {
            "line": 73,
            "column": 3
          }
        },
        "loc": {
          "start": {
            "line": 73,
            "column": 12
          },
          "end": {
            "line": 78,
            "column": 3
          }
        },
        "line": 73
      },
      "18": {
        "name": "(anonymous_18)",
        "decl": {
          "start": {
            "line": 79,
            "column": 2
          },
          "end": {
            "line": 79,
            "column": 3
          }
        },
        "loc": {
          "start": {
            "line": 79,
            "column": 17
          },
          "end": {
            "line": 81,
            "column": 3
          }
        },
        "line": 79
      }
    },
    "branchMap": {
      "0": {
        "loc": {
          "start": {
            "line": 28,
            "column": 4
          },
          "end": {
            "line": 30,
            "column": 5
          }
        },
        "type": "if",
        "locations": [
          {
            "start": {
              "line": 28,
              "column": 4
            },
            "end": {
              "line": 30,
              "column": 5
            }
          },
          {
            "start": {},
            "end": {}
          }
        ],
        "line": 28
      },
      "1": {
        "loc": {
          "start": {
            "line": 34,
            "column": 4
          },
          "end": {
            "line": 36,
            "column": 5
          }
        },
        "type": "if",
        "locations": [
          {
            "start": {
              "line": 34,
              "column": 4
            },
            "end": {
              "line": 36,
              "column": 5
            }
          },
          {
            "start": {},
            "end": {}
          }
        ],
        "line": 34
      },
      "2": {
        "loc": {
          "start": {
            "line": 68,
            "column": 4
          },
          "end": {
            "line": 70,
            "column": 5
          }
        },
        "type": "if",
        "locations": [
          {
            "start": {
              "line": 68,
              "column": 4
            },
            "end": {
              "line": 70,
              "column": 5
            }
          },
          {
            "start": {},
            "end": {}
          }
        ],
        "line": 68
      },
      "3": {
        "loc": {
          "start": {
            "line": 74,
            "column": 4
          },
          "end": {
            "line": 76,
            "column": 5
          }
        },
        "type": "if",
        "locations": [
          {
            "start": {
              "line": 74,
              "column": 4
            },
            "end": {
              "line": 76,
              "column": 5
            }
          },
          {
            "start": {},
            "end": {}
          }
        ],
        "line": 74
      }
    },
    "s": {
      "0": 0,
      "1": 0,
      "2": 0,
      "3": 0,
      "4": 0,
      "5": 0,
      "6": 0,
      "7": 0,
      "8": 0,
      "9": 0,
      "10": 0,
      "11": 0,
      "12": 0,
      "13": 0,
      "14": 0,
      "15": 0,
      "16": 3,
      "17": 3,
      "18": 3,
      "19": 3,
      "20": 3,
      "21": 0,
      "22": 0,
      "23": 0,
      "24": 0,
      "25": 0,
      "26": 0,
      "27": 0,
      "28": 0,
      "29": 0,
      "30": 0,
      "31": 0,
      "32": 0,
      "33": 9
    },
    "f": {
      "0": 0,
      "1": 0,
      "2": 0,
      "3": 0,
      "4": 0,
      "5": 0,
      "6": 0,
      "7": 0,
      "8": 0,
      "9": 3,
      "10": 0,
      "11": 0,
      "12": 0,
      "13": 0,
      "14": 0,
      "15": 0,
      "16": 0,
      "17": 0,
      "18": 9
    },
    "b": {
      "0": [
        0,
        0
      ],
      "1": [
        0,
        0
      ],
      "2": [
        0,
        0
      ],
      "3": [
        0,
        0
      ]
    },
    "inputSourceMap": {
      "version": 3,
      "sources": [
        "/home/gil/Documents/Projects/trail/frontend/src/stores/route/types.ts"
      ],
      "mappings": "AACA,OAAO,OAAO;AA2BP,aAAM,aAAgC;AAAA,EAC3C,YACU,KACA,OACA,WACA,cACR;AAJQ;AACA;AACA;AACA;AAAA,EACP;AAAA,EAEH,IAAI,KAAa;AACf,WAAO,KAAK;AAAA,EACd;AAAA,EAEA,IAAI,cAAkC;AACpC,WAAO,KAAK;AAAA,EACd;AAAA,EAEA,IAAI,YAAY,aAAqB;AACnC,SAAK,eAAe;AAAA,EACtB;AAAA,EAEA,IAAI,OAAe;AACjB,WAAO,KAAK;AAAA,EACd;AAAA,EAEA,IAAI,KAAK,MAAc;AACrB,SAAK,QAAQ;AAAA,EACf;AAAA,EAEA,IAAI,WAA6B;AAC/B,WAAO,KAAK;AAAA,EACd;AAAA,EAEA,IAAI,QAA4B;AAC9B,QAAI,KAAK,UAAU,UAAU,GAAG;AAC9B,aAAO;AAAA,IACT;AAEA,WAAO,KAAK,UAAU,CAAC,EAAE;AAAA,EAC3B;AAAA,EACA,IAAI,MAA0B;AAC5B,QAAI,KAAK,UAAU,UAAU,GAAG;AAC9B,aAAO;AAAA,IACT;AAEA,WAAO,KAAK,UAAU,KAAK,UAAU,SAAS,CAAC,EAAE;AAAA,EACnD;AACF;AAEO,aAAM,eAAkC;AAAA,EAG7C,YACU,KACA,OACR,cACQ,QACA,cACR;AALQ;AACA;AAEA;AACA;AAER,SAAK,YAAY,EAAE,SAAS,cAAc,EAAE,OAAO,QAAQ,QAAQ,EAAE,CAAC;AAAA,EACxE;AAAA,EAVQ;AAAA,EAYR,IAAI,KAAa;AACf,WAAO,KAAK;AAAA,EACd;AAAA,EAEA,IAAI,OAAe;AACjB,WAAO,KAAK;AAAA,EACd;AAAA,EAEA,IAAI,cAAkC;AACpC,WAAO,KAAK;AAAA,EACd;AAAA,EAEA,IAAI,YAAY,aAAqB;AACnC,SAAK,eAAe;AAAA,EACtB;AAAA,EAEA,IAAI,cAA0B;AAC5B,WAAO,KAAK,UAAU,WAAW;AAAA,EACnC;AAAA,EAEA,IAAI,QAAgB;AAClB,WAAO,KAAK;AAAA,EACd;AAAA,EAEA,IAAI,QAA4B;AAC9B,QAAI,KAAK,UAAU,WAAW,EAAE,UAAU,GAAG;AAC3C,aAAO;AAAA,IACT;AAEA,WAAO,KAAK,UAAU,WAAW,EAAE,CAAC;AAAA,EACtC;AAAA,EAEA,IAAI,MAA0B;AAC5B,QAAI,KAAK,UAAU,WAAW,EAAE,UAAU,GAAG;AAC3C,aAAO;AAAA,IACT;AAEA,WAAO,KAAK,UAAU,WAAW,EAAE,KAAK,UAAU,WAAW,EAAE,SAAS,CAAC;AAAA,EAC3E;AAAA,EAEA,IAAI,WAAuB;AACzB,WAAO,KAAK;AAAA,EACd;AACF;",
      "names": []
    },
    "_coverageSchema": "1a1c01bbd47fc00a2c39e90264f33305004495a9",
    "hash": "6cbd69096b9a5298e768300114726aec01ef8c10"
  },
  "/home/gil/Documents/Projects/trail/frontend/src/stores/route/index.ts": {
    "path": "/home/gil/Documents/Projects/trail/frontend/src/stores/route/index.ts",
    "statementMap": {
      "0": {
        "start": {
          "line": 7,
          "column": 12
        },
        "end": {
          "line": 7,
          "column": 43
        }
      },
      "1": {
        "start": {
          "line": 8,
          "column": 12
        },
        "end": {
          "line": 8,
          "column": 43
        }
      },
      "2": {
        "start": {
          "line": 9,
          "column": 12
        },
        "end": {
          "line": 9,
          "column": 43
        }
      },
      "3": {
        "start": {
          "line": 10,
          "column": 2
        },
        "end": {
          "line": 10,
          "column": 33
        }
      },
      "4": {
        "start": {
          "line": 12,
          "column": 29
        },
        "end": {
          "line": 75,
          "column": 2
        }
      },
      "5": {
        "start": {
          "line": 13,
          "column": 23
        },
        "end": {
          "line": 13,
          "column": 33
        }
      },
      "6": {
        "start": {
          "line": 14,
          "column": 32
        },
        "end": {
          "line": 14,
          "column": 37
        }
      },
      "7": {
        "start": {
          "line": 15,
          "column": 17
        },
        "end": {
          "line": 15,
          "column": 47
        }
      },
      "8": {
        "start": {
          "line": 17,
          "column": 4
        },
        "end": {
          "line": 24,
          "column": 5
        }
      },
      "9": {
        "start": {
          "line": 18,
          "column": 21
        },
        "end": {
          "line": 18,
          "column": 50
        }
      },
      "10": {
        "start": {
          "line": 19,
          "column": 6
        },
        "end": {
          "line": 19,
          "column": 48
        }
      },
      "11": {
        "start": {
          "line": 20,
          "column": 6
        },
        "end": {
          "line": 20,
          "column": 42
        }
      },
      "12": {
        "start": {
          "line": 22,
          "column": 6
        },
        "end": {
          "line": 22,
          "column": 32
        }
      },
      "13": {
        "start": {
          "line": 23,
          "column": 6
        },
        "end": {
          "line": 23,
          "column": 35
        }
      },
      "14": {
        "start": {
          "line": 27,
          "column": 18
        },
        "end": {
          "line": 27,
          "column": 38
        }
      },
      "15": {
        "start": {
          "line": 28,
          "column": 4
        },
        "end": {
          "line": 30,
          "column": 5
        }
      },
      "16": {
        "start": {
          "line": 29,
          "column": 6
        },
        "end": {
          "line": 29,
          "column": 36
        }
      },
      "17": {
        "start": {
          "line": 31,
          "column": 4
        },
        "end": {
          "line": 53,
          "column": 5
        }
      },
      "18": {
        "start": {
          "line": 32,
          "column": 21
        },
        "end": {
          "line": 32,
          "column": 56
        }
      },
      "19": {
        "start": {
          "line": 33,
          "column": 23
        },
        "end": {
          "line": 41,
          "column": 8
        }
      },
      "20": {
        "start": {
          "line": 34,
          "column": 8
        },
        "end": {
          "line": 40,
          "column": 10
        }
      },
      "21": {
        "start": {
          "line": 37,
          "column": 50
        },
        "end": {
          "line": 37,
          "column": 92
        }
      },
      "22": {
        "start": {
          "line": 42,
          "column": 27
        },
        "end": {
          "line": 47,
          "column": 7
        }
      },
      "23": {
        "start": {
          "line": 48,
          "column": 6
        },
        "end": {
          "line": 48,
          "column": 41
        }
      },
      "24": {
        "start": {
          "line": 49,
          "column": 6
        },
        "end": {
          "line": 49,
          "column": 43
        }
      },
      "25": {
        "start": {
          "line": 51,
          "column": 6
        },
        "end": {
          "line": 51,
          "column": 32
        }
      },
      "26": {
        "start": {
          "line": 52,
          "column": 6
        },
        "end": {
          "line": 52,
          "column": 35
        }
      },
      "27": {
        "start": {
          "line": 56,
          "column": 4
        },
        "end": {
          "line": 59,
          "column": 7
        }
      },
      "28": {
        "start": {
          "line": 62,
          "column": 21
        },
        "end": {
          "line": 62,
          "column": 35
        }
      },
      "29": {
        "start": {
          "line": 63,
          "column": 4
        },
        "end": {
          "line": 63,
          "column": 34
        }
      },
      "30": {
        "start": {
          "line": 64,
          "column": 4
        },
        "end": {
          "line": 66,
          "column": 5
        }
      },
      "31": {
        "start": {
          "line": 64,
          "column": 17
        },
        "end": {
          "line": 64,
          "column": 18
        }
      },
      "32": {
        "start": {
          "line": 65,
          "column": 6
        },
        "end": {
          "line": 65,
          "column": 41
        }
      },
      "33": {
        "start": {
          "line": 67,
          "column": 4
        },
        "end": {
          "line": 71,
          "column": 7
        }
      },
      "34": {
        "start": {
          "line": 73,
          "column": 2
        },
        "end": {
          "line": 73,
          "column": 98
        }
      },
      "35": {
        "start": {
          "line": 73,
          "column": 26
        },
        "end": {
          "line": 73,
          "column": 57
        }
      },
      "36": {
        "start": {
          "line": 73,
          "column": 71
        },
        "end": {
          "line": 73,
          "column": 96
        }
      },
      "37": {
        "start": {
          "line": 74,
          "column": 2
        },
        "end": {
          "line": 74,
          "column": 93
        }
      }
    },
    "fnMap": {
      "0": {
        "name": "randomColor",
        "decl": {
          "start": {
            "line": 6,
            "column": 9
          },
          "end": {
            "line": 6,
            "column": 20
          }
        },
        "loc": {
          "start": {
            "line": 6,
            "column": 23
          },
          "end": {
            "line": 11,
            "column": 1
          }
        },
        "line": 6
      },
      "1": {
        "name": "(anonymous_1)",
        "decl": {
          "start": {
            "line": 12,
            "column": 50
          },
          "end": {
            "line": 12,
            "column": 51
          }
        },
        "loc": {
          "start": {
            "line": 12,
            "column": 56
          },
          "end": {
            "line": 75,
            "column": 1
          }
        },
        "line": 12
      },
      "2": {
        "name": "getRoutes",
        "decl": {
          "start": {
            "line": 16,
            "column": 17
          },
          "end": {
            "line": 16,
            "column": 26
          }
        },
        "loc": {
          "start": {
            "line": 16,
            "column": 29
          },
          "end": {
            "line": 25,
            "column": 3
          }
        },
        "line": 16
      },
      "3": {
        "name": "getRoute",
        "decl": {
          "start": {
            "line": 26,
            "column": 17
          },
          "end": {
            "line": 26,
            "column": 25
          }
        },
        "loc": {
          "start": {
            "line": 26,
            "column": 30
          },
          "end": {
            "line": 54,
            "column": 3
          }
        },
        "line": 26
      },
      "4": {
        "name": "(anonymous_4)",
        "decl": {
          "start": {
            "line": 33,
            "column": 48
          },
          "end": {
            "line": 33,
            "column": 49
          }
        },
        "loc": {
          "start": {
            "line": 33,
            "column": 61
          },
          "end": {
            "line": 41,
            "column": 7
          }
        },
        "line": 33
      },
      "5": {
        "name": "(anonymous_5)",
        "decl": {
          "start": {
            "line": 37,
            "column": 34
          },
          "end": {
            "line": 37,
            "column": 35
          }
        },
        "loc": {
          "start": {
            "line": 37,
            "column": 50
          },
          "end": {
            "line": 37,
            "column": 92
          }
        },
        "line": 37
      },
      "6": {
        "name": "updateRoute",
        "decl": {
          "start": {
            "line": 55,
            "column": 17
          },
          "end": {
            "line": 55,
            "column": 28
          }
        },
        "loc": {
          "start": {
            "line": 55,
            "column": 36
          },
          "end": {
            "line": 60,
            "column": 3
          }
        },
        "line": 55
      },
      "7": {
        "name": "addRoute",
        "decl": {
          "start": {
            "line": 61,
            "column": 17
          },
          "end": {
            "line": 61,
            "column": 25
          }
        },
        "loc": {
          "start": {
            "line": 61,
            "column": 39
          },
          "end": {
            "line": 72,
            "column": 3
          }
        },
        "line": 61
      },
      "8": {
        "name": "(anonymous_8)",
        "decl": {
          "start": {
            "line": 73,
            "column": 19
          },
          "end": {
            "line": 73,
            "column": 20
          }
        },
        "loc": {
          "start": {
            "line": 73,
            "column": 26
          },
          "end": {
            "line": 73,
            "column": 57
          }
        },
        "line": 73
      },
      "9": {
        "name": "(anonymous_9)",
        "decl": {
          "start": {
            "line": 73,
            "column": 65
          },
          "end": {
            "line": 73,
            "column": 66
          }
        },
        "loc": {
          "start": {
            "line": 73,
            "column": 71
          },
          "end": {
            "line": 73,
            "column": 96
          }
        },
        "line": 73
      }
    },
    "branchMap": {
      "0": {
        "loc": {
          "start": {
            "line": 28,
            "column": 4
          },
          "end": {
            "line": 30,
            "column": 5
          }
        },
        "type": "if",
        "locations": [
          {
            "start": {
              "line": 28,
              "column": 4
            },
            "end": {
              "line": 30,
              "column": 5
            }
          },
          {
            "start": {},
            "end": {}
          }
        ],
        "line": 28
      }
    },
    "s": {
      "0": 0,
      "1": 0,
      "2": 0,
      "3": 0,
      "4": 44,
      "5": 44,
      "6": 44,
      "7": 44,
      "8": 44,
      "9": 44,
      "10": 0,
      "11": 0,
      "12": 44,
      "13": 44,
      "14": 0,
      "15": 0,
      "16": 0,
      "17": 0,
      "18": 0,
      "19": 0,
      "20": 0,
      "21": 0,
      "22": 0,
      "23": 0,
      "24": 0,
      "25": 0,
      "26": 0,
      "27": 0,
      "28": 5,
      "29": 5,
      "30": 5,
      "31": 5,
      "32": 5,
      "33": 5,
      "34": 44,
      "35": 0,
      "36": 44,
      "37": 44
    },
    "f": {
      "0": 0,
      "1": 44,
      "2": 44,
      "3": 0,
      "4": 0,
      "5": 0,
      "6": 0,
      "7": 5,
      "8": 0,
      "9": 44
    },
    "b": {
      "0": [
        0,
        0
      ]
    },
    "inputSourceMap": {
      "version": 3,
      "sources": [
        "/home/gil/Documents/Projects/trail/frontend/src/stores/route/index.ts"
      ],
      "mappings": "AAAA,SAAS,mBAAmB;AAC5B,OAAO,UAAU;AACjB,OAAO,OAAO;AACd,SAAS,cAA6B,sBAAiD;AACvF,SAAS,WAAqB;AAE9B,SAAS,cAAc;AACrB,QAAM,IAAI,KAAK,MAAM,KAAK,OAAO,IAAI,GAAG;AACxC,QAAM,IAAI,KAAK,MAAM,KAAK,OAAO,IAAI,GAAG;AACxC,QAAM,IAAI,KAAK,MAAM,KAAK,OAAO,IAAI,GAAG;AAExC,SAAO,OAAO,CAAC,KAAK,CAAC,KAAK,CAAC;AAC7B;AAEO,aAAM,gBAAgB,YAAY,SAAS,MAAM;AACtD,QAAM,eAA6B,IAAI,KAAK;AAE5C,QAAM,wBAAwB,IAA4B;AAE1D,QAAM,SAAyC,IAAI,oBAAI,IAAI,CAAC;AAE5D,iBAAe,YAA6C;AAC1D,QAAI;AACF,YAAM,SAAS,MAAM,KAAK,IAA4B,aAAa;AAEnE,4BAAsB,QAAQ,OAAO;AACrC,aAAO,QAAQ,QAAQ,OAAO,IAAI;AAAA,IACpC,SAAS,OAAO;AACd,mBAAa,QAAQ;AAErB,aAAO,QAAQ,OAAO,KAAK;AAAA,IAC7B;AAAA,EACF;AAEA,iBAAe,SAAS,IAAmC;AACzD,UAAM,QAAQ,OAAO,MAAM,IAAI,EAAE;AAGjC,QAAI,OAAO;AACT,aAAO,QAAQ,QAAQ,KAAK;AAAA,IAC9B;AAEA,QAAI;AACF,YAAM,SAAS,MAAM,KAAK,IAAc,eAAe,EAAE,EAAE;AAE3D,YAAM,WAA6B,OAAO,KAAK,SAAS,IAAI,CAAC,YAAY;AACvE,eAAO,IAAI;AAAA,UACT,QAAQ;AAAA,UACR,QAAQ;AAAA,UACR,QAAQ,YAAY,IAAI,CAAC,eAAe,IAAI,EAAE,OAAO,WAAW,CAAC,GAAG,WAAW,CAAC,CAAC,CAAC;AAAA,UAClF,YAAY;AAAA,UACZ,QAAQ;AAAA,QACV;AAAA,MACF,CAAC;AAED,YAAM,eAAe,IAAI;AAAA,QACvB,OAAO,KAAK;AAAA,QACZ,OAAO,KAAK;AAAA,QACZ;AAAA,QACA,OAAO,KAAK;AAAA,MACd;AACA,aAAO,MAAM,IAAI,IAAI,YAAY;AAEjC,aAAO,QAAQ,QAAQ,YAAY;AAAA,IACrC,SAAS,OAAO;AACd,mBAAa,QAAQ;AAErB,aAAO,QAAQ,OAAO,KAAK;AAAA,IAC7B;AAAA,EACF;AAEA,iBAAe,YAAY,OAAqB;AAC9C,UAAM,KAAK,MAAM,eAAe,MAAM,EAAE,IAAI;AAAA,MAC1C,MAAM,MAAM;AAAA,MACZ,aAAa,MAAM;AAAA,IACrB,CAAC;AAAA,EACH;AAEA,iBAAe,SAAS,MAAc,OAAe;AACnD,UAAM,WAAW,IAAI,SAAS;AAE9B,aAAS,OAAO,QAAQ,IAAI;AAC5B,aAAS,IAAI,GAAG,IAAI,MAAM,QAAQ,EAAE,GAAG;AACrC,eAAS,OAAO,SAAS,MAAM,CAAC,CAAC;AAAA,IACnC;AAEA,UAAM,KAAK,KAAK,mBAAmB,UAAU;AAAA,MAC3C,SAAS;AAAA,QACP,gBAAgB;AAAA,MAClB;AAAA,IACF,CAAC;AAAA,EACH;AAEA,YAAU,EACP,KAAK,CAAC,MAAO,sBAAsB,QAAQ,CAAE,EAC7C,MAAM,MAAO,aAAa,QAAQ,IAAK;AAE1C,SAAO,EAAE,WAAW,cAAc,uBAAuB,UAAU,UAAU,YAAY;AAC3F,CAAC;",
      "names": []
    },
    "_coverageSchema": "1a1c01bbd47fc00a2c39e90264f33305004495a9",
    "hash": "988fabc866e4f0b2185209c82479856aac9500d4"
  },
  "/home/gil/Documents/Projects/trail/frontend/src/components/layout/TTile.vue": {
    "path": "/home/gil/Documents/Projects/trail/frontend/src/components/layout/TTile.vue",
    "statementMap": {
      "0": {
        "start": {
          "line": 2,
          "column": 34
        },
        "end": {
          "line": 13,
          "column": 2
        }
      },
      "1": {
        "start": {
          "line": 8,
          "column": 4
        },
        "end": {
          "line": 8,
          "column": 15
        }
      },
      "2": {
        "start": {
          "line": 9,
          "column": 25
        },
        "end": {
          "line": 9,
          "column": 27
        }
      },
      "3": {
        "start": {
          "line": 10,
          "column": 4
        },
        "end": {
          "line": 10,
          "column": 95
        }
      },
      "4": {
        "start": {
          "line": 11,
          "column": 4
        },
        "end": {
          "line": 11,
          "column": 24
        }
      },
      "5": {
        "start": {
          "line": 15,
          "column": 21
        },
        "end": {
          "line": 15,
          "column": 88
        }
      },
      "6": {
        "start": {
          "line": 15,
          "column": 29
        },
        "end": {
          "line": 15,
          "column": 87
        }
      },
      "7": {
        "start": {
          "line": 16,
          "column": 19
        },
        "end": {
          "line": 19,
          "column": 1
        }
      },
      "8": {
        "start": {
          "line": 20,
          "column": 19
        },
        "end": {
          "line": 20,
          "column": 47
        }
      },
      "9": {
        "start": {
          "line": 22,
          "column": 2
        },
        "end": {
          "line": 31,
          "column": 5
        }
      },
      "10": {
        "start": {
          "line": 34,
          "column": 0
        },
        "end": {
          "line": 34,
          "column": 31
        }
      },
      "11": {
        "start": {
          "line": 35,
          "column": 0
        },
        "end": {
          "line": 35,
          "column": 109
        }
      },
      "12": {
        "start": {
          "line": 36,
          "column": 30
        },
        "end": {
          "line": 36,
          "column": 34
        }
      },
      "13": {
        "start": {
          "line": 37,
          "column": 0
        },
        "end": {
          "line": 46,
          "column": 3
        }
      },
      "14": {
        "start": {
          "line": 38,
          "column": 2
        },
        "end": {
          "line": 39,
          "column": 11
        }
      },
      "15": {
        "start": {
          "line": 39,
          "column": 4
        },
        "end": {
          "line": 39,
          "column": 11
        }
      },
      "16": {
        "start": {
          "line": 40,
          "column": 64
        },
        "end": {
          "line": 40,
          "column": 67
        }
      },
      "17": {
        "start": {
          "line": 41,
          "column": 2
        },
        "end": {
          "line": 45,
          "column": 3
        }
      },
      "18": {
        "start": {
          "line": 42,
          "column": 4
        },
        "end": {
          "line": 42,
          "column": 66
        }
      },
      "19": {
        "start": {
          "line": 44,
          "column": 4
        },
        "end": {
          "line": 44,
          "column": 57
        }
      }
    },
    "fnMap": {
      "0": {
        "name": "(anonymous_0)",
        "decl": {
          "start": {
            "line": 7,
            "column": 2
          },
          "end": {
            "line": 7,
            "column": 3
          }
        },
        "loc": {
          "start": {
            "line": 7,
            "column": 39
          },
          "end": {
            "line": 12,
            "column": 3
          }
        },
        "line": 7
      },
      "1": {
        "name": "(anonymous_1)",
        "decl": {
          "start": {
            "line": 15,
            "column": 21
          },
          "end": {
            "line": 15,
            "column": 22
          }
        },
        "loc": {
          "start": {
            "line": 15,
            "column": 29
          },
          "end": {
            "line": 15,
            "column": 87
          }
        },
        "line": 15
      },
      "2": {
        "name": "_sfc_render",
        "decl": {
          "start": {
            "line": 21,
            "column": 9
          },
          "end": {
            "line": 21,
            "column": 20
          }
        },
        "loc": {
          "start": {
            "line": 21,
            "column": 68
          },
          "end": {
            "line": 32,
            "column": 1
          }
        },
        "line": 21
      },
      "3": {
        "name": "(anonymous_3)",
        "decl": {
          "start": {
            "line": 37,
            "column": 23
          },
          "end": {
            "line": 37,
            "column": 24
          }
        },
        "loc": {
          "start": {
            "line": 37,
            "column": 32
          },
          "end": {
            "line": 46,
            "column": 1
          }
        },
        "line": 37
      }
    },
    "branchMap": {
      "0": {
        "loc": {
          "start": {
            "line": 35,
            "column": 0
          },
          "end": {
            "line": 35,
            "column": 108
          }
        },
        "type": "binary-expr",
        "locations": [
          {
            "start": {
              "line": 35,
              "column": 0
            },
            "end": {
              "line": 35,
              "column": 42
            }
          },
          {
            "start": {
              "line": 35,
              "column": 46
            },
            "end": {
              "line": 35,
              "column": 108
            }
          }
        ],
        "line": 35
      },
      "1": {
        "loc": {
          "start": {
            "line": 38,
            "column": 2
          },
          "end": {
            "line": 39,
            "column": 11
          }
        },
        "type": "if",
        "locations": [
          {
            "start": {
              "line": 38,
              "column": 2
            },
            "end": {
              "line": 39,
              "column": 11
            }
          },
          {
            "start": {},
            "end": {}
          }
        ],
        "line": 38
      },
      "2": {
        "loc": {
          "start": {
            "line": 41,
            "column": 2
          },
          "end": {
            "line": 45,
            "column": 3
          }
        },
        "type": "if",
        "locations": [
          {
            "start": {
              "line": 41,
              "column": 2
            },
            "end": {
              "line": 45,
              "column": 3
            }
          },
          {
            "start": {
              "line": 43,
              "column": 9
            },
            "end": {
              "line": 45,
              "column": 3
            }
          }
        ],
        "line": 41
      }
    },
    "s": {
      "0": 12,
      "1": 15,
      "2": 15,
      "3": 15,
      "4": 15,
      "5": 12,
      "6": 0,
      "7": 12,
      "8": 12,
      "9": 20,
      "10": 2,
      "11": 2,
      "12": 2,
      "13": 2,
      "14": 0,
      "15": 0,
      "16": 0,
      "17": 0,
      "18": 0,
      "19": 0
    },
    "f": {
      "0": 15,
      "1": 0,
      "2": 20,
      "3": 0
    },
    "b": {
      "0": [
        2,
        2
      ],
      "1": [
        0,
        0
      ],
      "2": [
        0,
        0
      ]
    },
    "inputSourceMap": {
      "version": 3,
      "mappings": ";;;;;;;;;;;;;;;;EACO,OAAM;AAAA,EAAO,WAAQ;;qBACpB,WAAQ,cAAa;;uBAD3B,oBAGM,OAHN,YAGM;AAAA,IAFJ;AAAA,MAA0C;AAAA,MAA1C;AAAA,MAA0C,iBAAb,YAAK;AAAA;AAAA;AAAA;AAAA,IAClC,YAAQ;AAAA",
      "names": [],
      "sources": [
        "/home/gil/Documents/Projects/trail/frontend/src/components/layout/TTile.vue"
      ],
      "file": "/home/gil/Documents/Projects/trail/frontend/src/components/layout/TTile.vue"
    },
    "_coverageSchema": "1a1c01bbd47fc00a2c39e90264f33305004495a9",
    "hash": "b691d01f81586d81589a08e068ba2ffd19f3f079"
  },
  "/home/gil/Documents/Projects/trail/frontend/src/components/TripOverview.vue": {
    "path": "/home/gil/Documents/Projects/trail/frontend/src/components/TripOverview.vue",
    "statementMap": {
      "0": {
        "start": {
          "line": 4,
          "column": 34
        },
        "end": {
          "line": 15,
          "column": 2
        }
      },
      "1": {
        "start": {
          "line": 8,
          "column": 4
        },
        "end": {
          "line": 8,
          "column": 15
        }
      },
      "2": {
        "start": {
          "line": 9,
          "column": 23
        },
        "end": {
          "line": 9,
          "column": 38
        }
      },
      "3": {
        "start": {
          "line": 10,
          "column": 17
        },
        "end": {
          "line": 10,
          "column": 23
        }
      },
      "4": {
        "start": {
          "line": 11,
          "column": 25
        },
        "end": {
          "line": 11,
          "column": 52
        }
      },
      "5": {
        "start": {
          "line": 12,
          "column": 4
        },
        "end": {
          "line": 12,
          "column": 95
        }
      },
      "6": {
        "start": {
          "line": 13,
          "column": 4
        },
        "end": {
          "line": 13,
          "column": 24
        }
      },
      "7": {
        "start": {
          "line": 17,
          "column": 21
        },
        "end": {
          "line": 17,
          "column": 88
        }
      },
      "8": {
        "start": {
          "line": 17,
          "column": 29
        },
        "end": {
          "line": 17,
          "column": 87
        }
      },
      "9": {
        "start": {
          "line": 18,
          "column": 19
        },
        "end": {
          "line": 18,
          "column": 52
        }
      },
      "10": {
        "start": {
          "line": 19,
          "column": 19
        },
        "end": {
          "line": 19,
          "column": 30
        }
      },
      "11": {
        "start": {
          "line": 20,
          "column": 19
        },
        "end": {
          "line": 23,
          "column": 1
        }
      },
      "12": {
        "start": {
          "line": 24,
          "column": 19
        },
        "end": {
          "line": 27,
          "column": 1
        }
      },
      "13": {
        "start": {
          "line": 29,
          "column": 2
        },
        "end": {
          "line": 51,
          "column": 5
        }
      },
      "14": {
        "start": {
          "line": 30,
          "column": 28
        },
        "end": {
          "line": 48,
          "column": 5
        }
      },
      "15": {
        "start": {
          "line": 36,
          "column": 12
        },
        "end": {
          "line": 40,
          "column": 59
        }
      },
      "16": {
        "start": {
          "line": 39,
          "column": 35
        },
        "end": {
          "line": 39,
          "column": 78
        }
      },
      "17": {
        "start": {
          "line": 54,
          "column": 0
        },
        "end": {
          "line": 54,
          "column": 31
        }
      },
      "18": {
        "start": {
          "line": 55,
          "column": 0
        },
        "end": {
          "line": 55,
          "column": 109
        }
      },
      "19": {
        "start": {
          "line": 56,
          "column": 0
        },
        "end": {
          "line": 65,
          "column": 3
        }
      },
      "20": {
        "start": {
          "line": 57,
          "column": 2
        },
        "end": {
          "line": 58,
          "column": 11
        }
      },
      "21": {
        "start": {
          "line": 58,
          "column": 4
        },
        "end": {
          "line": 58,
          "column": 11
        }
      },
      "22": {
        "start": {
          "line": 59,
          "column": 47
        },
        "end": {
          "line": 59,
          "column": 50
        }
      },
      "23": {
        "start": {
          "line": 60,
          "column": 2
        },
        "end": {
          "line": 64,
          "column": 3
        }
      },
      "24": {
        "start": {
          "line": 61,
          "column": 4
        },
        "end": {
          "line": 61,
          "column": 66
        }
      },
      "25": {
        "start": {
          "line": 63,
          "column": 4
        },
        "end": {
          "line": 63,
          "column": 57
        }
      }
    },
    "fnMap": {
      "0": {
        "name": "(anonymous_0)",
        "decl": {
          "start": {
            "line": 7,
            "column": 2
          },
          "end": {
            "line": 7,
            "column": 3
          }
        },
        "loc": {
          "start": {
            "line": 7,
            "column": 53
          },
          "end": {
            "line": 14,
            "column": 3
          }
        },
        "line": 7
      },
      "1": {
        "name": "(anonymous_1)",
        "decl": {
          "start": {
            "line": 17,
            "column": 21
          },
          "end": {
            "line": 17,
            "column": 22
          }
        },
        "loc": {
          "start": {
            "line": 17,
            "column": 29
          },
          "end": {
            "line": 17,
            "column": 87
          }
        },
        "line": 17
      },
      "2": {
        "name": "_sfc_render",
        "decl": {
          "start": {
            "line": 28,
            "column": 9
          },
          "end": {
            "line": 28,
            "column": 20
          }
        },
        "loc": {
          "start": {
            "line": 28,
            "column": 68
          },
          "end": {
            "line": 52,
            "column": 1
          }
        },
        "line": 28
      },
      "3": {
        "name": "(anonymous_3)",
        "decl": {
          "start": {
            "line": 30,
            "column": 22
          },
          "end": {
            "line": 30,
            "column": 23
          }
        },
        "loc": {
          "start": {
            "line": 30,
            "column": 28
          },
          "end": {
            "line": 48,
            "column": 5
          }
        },
        "line": 30
      },
      "4": {
        "name": "(anonymous_4)",
        "decl": {
          "start": {
            "line": 35,
            "column": 63
          },
          "end": {
            "line": 35,
            "column": 64
          }
        },
        "loc": {
          "start": {
            "line": 35,
            "column": 73
          },
          "end": {
            "line": 41,
            "column": 11
          }
        },
        "line": 35
      },
      "5": {
        "name": "(anonymous_5)",
        "decl": {
          "start": {
            "line": 39,
            "column": 23
          },
          "end": {
            "line": 39,
            "column": 24
          }
        },
        "loc": {
          "start": {
            "line": 39,
            "column": 35
          },
          "end": {
            "line": 39,
            "column": 78
          }
        },
        "line": 39
      },
      "6": {
        "name": "(anonymous_6)",
        "decl": {
          "start": {
            "line": 56,
            "column": 23
          },
          "end": {
            "line": 56,
            "column": 24
          }
        },
        "loc": {
          "start": {
            "line": 56,
            "column": 32
          },
          "end": {
            "line": 65,
            "column": 1
          }
        },
        "line": 56
      }
    },
    "branchMap": {
      "0": {
        "loc": {
          "start": {
            "line": 46,
            "column": 6
          },
          "end": {
            "line": 46,
            "column": 247
          }
        },
        "type": "cond-expr",
        "locations": [
          {
            "start": {
              "line": 46,
              "column": 97
            },
            "end": {
              "line": 46,
              "column": 210
            }
          },
          {
            "start": {
              "line": 46,
              "column": 214
            },
            "end": {
              "line": 46,
              "column": 247
            }
          }
        ],
        "line": 46
      },
      "1": {
        "loc": {
          "start": {
            "line": 46,
            "column": 6
          },
          "end": {
            "line": 46,
            "column": 93
          }
        },
        "type": "binary-expr",
        "locations": [
          {
            "start": {
              "line": 46,
              "column": 6
            },
            "end": {
              "line": 46,
              "column": 37
            }
          },
          {
            "start": {
              "line": 46,
              "column": 41
            },
            "end": {
              "line": 46,
              "column": 93
            }
          }
        ],
        "line": 46
      },
      "2": {
        "loc": {
          "start": {
            "line": 47,
            "column": 6
          },
          "end": {
            "line": 47,
            "column": 183
          }
        },
        "type": "cond-expr",
        "locations": [
          {
            "start": {
              "line": 47,
              "column": 40
            },
            "end": {
              "line": 47,
              "column": 146
            }
          },
          {
            "start": {
              "line": 47,
              "column": 150
            },
            "end": {
              "line": 47,
              "column": 183
            }
          }
        ],
        "line": 47
      },
      "3": {
        "loc": {
          "start": {
            "line": 55,
            "column": 0
          },
          "end": {
            "line": 55,
            "column": 108
          }
        },
        "type": "binary-expr",
        "locations": [
          {
            "start": {
              "line": 55,
              "column": 0
            },
            "end": {
              "line": 55,
              "column": 42
            }
          },
          {
            "start": {
              "line": 55,
              "column": 46
            },
            "end": {
              "line": 55,
              "column": 108
            }
          }
        ],
        "line": 55
      },
      "4": {
        "loc": {
          "start": {
            "line": 57,
            "column": 2
          },
          "end": {
            "line": 58,
            "column": 11
          }
        },
        "type": "if",
        "locations": [
          {
            "start": {
              "line": 57,
              "column": 2
            },
            "end": {
              "line": 58,
              "column": 11
            }
          },
          {
            "start": {},
            "end": {}
          }
        ],
        "line": 57
      },
      "5": {
        "loc": {
          "start": {
            "line": 60,
            "column": 2
          },
          "end": {
            "line": 64,
            "column": 3
          }
        },
        "type": "if",
        "locations": [
          {
            "start": {
              "line": 60,
              "column": 2
            },
            "end": {
              "line": 64,
              "column": 3
            }
          },
          {
            "start": {
              "line": 62,
              "column": 9
            },
            "end": {
              "line": 64,
              "column": 3
            }
          }
        ],
        "line": 60
      }
    },
    "s": {
      "0": 6,
      "1": 4,
      "2": 4,
      "3": 4,
      "4": 4,
      "5": 4,
      "6": 4,
      "7": 6,
      "8": 0,
      "9": 6,
      "10": 6,
      "11": 6,
      "12": 6,
      "13": 4,
      "14": 4,
      "15": 0,
      "16": 0,
      "17": 2,
      "18": 2,
      "19": 2,
      "20": 0,
      "21": 0,
      "22": 0,
      "23": 0,
      "24": 0,
      "25": 0
    },
    "f": {
      "0": 4,
      "1": 0,
      "2": 4,
      "3": 4,
      "4": 0,
      "5": 0,
      "6": 0
    },
    "b": {
      "0": [
        0,
        4
      ],
      "1": [
        4,
        0
      ],
      "2": [
        4,
        0
      ],
      "3": [
        2,
        2
      ],
      "4": [
        0,
        0
      ],
      "5": [
        0,
        0
      ]
    },
    "inputSourceMap": {
      "version": 3,
      "mappings": ";AA0BA,OAAO,WAAW;AAElB,SAAS,qBAAqB;;;;;;AAE9B,UAAM,aAAa,cAAc;AAEjC,UAAM,OAAO;;;;;;;;qBA9BL,OAAM,uBAAsB;mBAFpC;;EAAA;AAAA,EAcM,WAAQ;;;EAdd;AAAA,EAmBQ,WAAQ;;;uBAlBd,aAqBQ,mBArBD,OAAM,gBAAe;AAAA,IAD9B,kBAEI,MASK;AAAA,MATL,oBASK,MATL,YASK;AAAA,2BARH;AAAA,UAOK;AAAA;AAAA,UAVX,YAKuB,kBAAW,uBALlC,CAKe,SAAI;iCAFb,oBAOK;AAAA,cANH,WAAQ;AAAA,cAEP,KAAK,KAAK;AAAA,cACN,SAAK,YAAE,YAAI,uBAAwB,KAAK,EAAE;AAAA,gCAE5C,KAAK,IAAI,MATpB;AAAA;;;;;OAea,kBAAW,gBAAgB,kBAAW,uBAAuB,UAAM,mBAF5E,oBAKK,MALL,YAGC,4DAED,KAlBJ;AAAA,MAmB2C,kBAAW,8BAAlD,oBAEK,MAFL,YAAgE,qDAEhE,KArBJ;AAAA;IAAA;AAAA;AAAA",
      "names": [],
      "sources": [
        "/home/gil/Documents/Projects/trail/frontend/src/components/TripOverview.vue"
      ],
      "file": "/home/gil/Documents/Projects/trail/frontend/src/components/TripOverview.vue"
    },
    "_coverageSchema": "1a1c01bbd47fc00a2c39e90264f33305004495a9",
    "hash": "032585eedf2e0afaf7e5cc414f4bcb59b8e25d58"
  },
  "/home/gil/Documents/Projects/trail/frontend/src/components/__tests__/util.ts": {
    "path": "/home/gil/Documents/Projects/trail/frontend/src/components/__tests__/util.ts",
    "statementMap": {
      "0": {
        "start": {
          "line": 1,
          "column": 24
        },
        "end": {
          "line": 6,
          "column": 1
        }
      },
      "1": {
        "start": {
          "line": 2,
          "column": 19
        },
        "end": {
          "line": 2,
          "column": 89
        }
      },
      "2": {
        "start": {
          "line": 3,
          "column": 15
        },
        "end": {
          "line": 3,
          "column": 39
        }
      },
      "3": {
        "start": {
          "line": 4,
          "column": 2
        },
        "end": {
          "line": 4,
          "column": 55
        }
      },
      "4": {
        "start": {
          "line": 5,
          "column": 2
        },
        "end": {
          "line": 5,
          "column": 14
        }
      }
    },
    "fnMap": {
      "0": {
        "name": "(anonymous_0)",
        "decl": {
          "start": {
            "line": 1,
            "column": 24
          },
          "end": {
            "line": 1,
            "column": 25
          }
        },
        "loc": {
          "start": {
            "line": 1,
            "column": 40
          },
          "end": {
            "line": 6,
            "column": 1
          }
        },
        "line": 1
      }
    },
    "branchMap": {},
    "s": {
      "0": 11,
      "1": 19,
      "2": 19,
      "3": 19,
      "4": 19
    },
    "f": {
      "0": 19
    },
    "b": {},
    "inputSourceMap": {
      "version": 3,
      "sources": [
        "/home/gil/Documents/Projects/trail/frontend/src/components/__tests__/util.ts"
      ],
      "mappings": "AAAO,aAAM,WAAW,CAAC,MAAc,SAAuB;AAC5D,QAAM,YAAY,KAAK,OAAO,IAAI,KAAM,SAAS,EAAE,QAAQ,KAAK,EAAE,IAAI,KAAK,YAAY;AACvF,QAAM,OAAO,IAAI,KAAK,CAAC,EAAE,GAAG,QAAQ;AACpC,SAAO,eAAe,MAAM,QAAQ,EAAE,OAAO,KAAK,CAAC;AACnD,SAAO;AACT;",
      "names": []
    },
    "_coverageSchema": "1a1c01bbd47fc00a2c39e90264f33305004495a9",
    "hash": "1fc96055f3b9e7e0097c794396ce3a24b1aa8c74"
  },
  "/home/gil/Documents/Projects/trail/frontend/src/components/SVGTrash.vue": {
    "path": "/home/gil/Documents/Projects/trail/frontend/src/components/SVGTrash.vue",
    "statementMap": {
      "0": {
        "start": {
          "line": 1,
          "column": 18
        },
        "end": {
          "line": 1,
          "column": 20
        }
      },
      "1": {
        "start": {
          "line": 4,
          "column": 21
        },
        "end": {
          "line": 4,
          "column": 81
        }
      },
      "2": {
        "start": {
          "line": 4,
          "column": 27
        },
        "end": {
          "line": 4,
          "column": 80
        }
      },
      "3": {
        "start": {
          "line": 5,
          "column": 19
        },
        "end": {
          "line": 17,
          "column": 1
        }
      },
      "4": {
        "start": {
          "line": 18,
          "column": 32
        },
        "end": {
          "line": 18,
          "column": 1712
        }
      },
      "5": {
        "start": {
          "line": 19,
          "column": 19
        },
        "end": {
          "line": 21,
          "column": 1
        }
      },
      "6": {
        "start": {
          "line": 24,
          "column": 2
        },
        "end": {
          "line": 24,
          "column": 80
        }
      }
    },
    "fnMap": {
      "0": {
        "name": "(anonymous_0)",
        "decl": {
          "start": {
            "line": 4,
            "column": 21
          },
          "end": {
            "line": 4,
            "column": 22
          }
        },
        "loc": {
          "start": {
            "line": 4,
            "column": 27
          },
          "end": {
            "line": 4,
            "column": 80
          }
        },
        "line": 4
      },
      "1": {
        "name": "_sfc_render",
        "decl": {
          "start": {
            "line": 23,
            "column": 9
          },
          "end": {
            "line": 23,
            "column": 20
          }
        },
        "loc": {
          "start": {
            "line": 23,
            "column": 35
          },
          "end": {
            "line": 25,
            "column": 1
          }
        },
        "line": 23
      }
    },
    "branchMap": {},
    "s": {
      "0": 13,
      "1": 13,
      "2": 0,
      "3": 13,
      "4": 13,
      "5": 13,
      "6": 5
    },
    "f": {
      "0": 0,
      "1": 5
    },
    "b": {},
    "inputSourceMap": {
      "version": 3,
      "sources": [
        "/home/gil/Documents/Projects/trail/frontend/src/components/SVGTrash.vue"
      ],
      "names": [],
      "mappings": ";;;;EAEI,OAAO,EAAC,KAAK;EACb,EAAE,EAAC,SAAS;EACZ,CAAC,EAAC,KAAK;EACP,CAAC,EAAC,KAAK;EACP,KAAK,EAAC,MAAM;EACZ,MAAM,EAAC,MAAM;EACb,OAAO,EAAC,WAAW;EACnB,mBAAiB,EAAC,eAAe;EACjC,WAAS,EAAC,UAAU;EACpB,KAAK,EAAC,4BAA4B;EAClC,WAAS,EAAC,4BAA4B;;gCAZ1C;;EAcI,UAAoB;;;;wBAbtB,oBAyCM,OAzCN,UAyCM,EA1CR"
    },
    "_coverageSchema": "1a1c01bbd47fc00a2c39e90264f33305004495a9",
    "hash": "12ca02d095719585303d011559a978a52bb03f37"
  },
  "/home/gil/Documents/Projects/trail/frontend/src/components/forms/TLabel.vue": {
    "path": "/home/gil/Documents/Projects/trail/frontend/src/components/forms/TLabel.vue",
    "statementMap": {
      "0": {
        "start": {
          "line": 1,
          "column": 18
        },
        "end": {
          "line": 1,
          "column": 20
        }
      },
      "1": {
        "start": {
          "line": 5,
          "column": 28
        },
        "end": {
          "line": 5,
          "column": 55
        }
      },
      "2": {
        "start": {
          "line": 7,
          "column": 2
        },
        "end": {
          "line": 12,
          "column": 5
        }
      },
      "3": {
        "start": {
          "line": 8,
          "column": 28
        },
        "end": {
          "line": 10,
          "column": 5
        }
      }
    },
    "fnMap": {
      "0": {
        "name": "_sfc_render",
        "decl": {
          "start": {
            "line": 4,
            "column": 9
          },
          "end": {
            "line": 4,
            "column": 20
          }
        },
        "loc": {
          "start": {
            "line": 4,
            "column": 35
          },
          "end": {
            "line": 13,
            "column": 1
          }
        },
        "line": 4
      },
      "1": {
        "name": "(anonymous_1)",
        "decl": {
          "start": {
            "line": 8,
            "column": 22
          },
          "end": {
            "line": 8,
            "column": 23
          }
        },
        "loc": {
          "start": {
            "line": 8,
            "column": 28
          },
          "end": {
            "line": 10,
            "column": 5
          }
        },
        "line": 8
      }
    },
    "branchMap": {},
    "s": {
      "0": 13,
      "1": 18,
      "2": 18,
      "3": 18
    },
    "f": {
      "0": 18,
      "1": 18
    },
    "b": {},
    "inputSourceMap": {
      "version": 3,
      "sources": [
        "/home/gil/Documents/Projects/trail/frontend/src/components/forms/TLabel.vue"
      ],
      "names": [],
      "mappings": ";;;;;wBACE,aAA0C,qBAAlC,KAAK,EAAC,QAAQ;IADxB,kBAC0B,CAAQ;MAAR,YAAQ;;IADlC,GAAA"
    },
    "_coverageSchema": "1a1c01bbd47fc00a2c39e90264f33305004495a9",
    "hash": "21a426ddba082e14b09170e0e7296abd529d85a8"
  },
  "/home/gil/Documents/Projects/trail/frontend/src/components/DropZone.vue": {
    "path": "/home/gil/Documents/Projects/trail/frontend/src/components/DropZone.vue",
    "statementMap": {
      "0": {
        "start": {
          "line": 5,
          "column": 34
        },
        "end": {
          "line": 57,
          "column": 2
        }
      },
      "1": {
        "start": {
          "line": 8,
          "column": 74
        },
        "end": {
          "line": 8,
          "column": 76
        }
      },
      "2": {
        "start": {
          "line": 13,
          "column": 4
        },
        "end": {
          "line": 13,
          "column": 15
        }
      },
      "3": {
        "start": {
          "line": 14,
          "column": 18
        },
        "end": {
          "line": 14,
          "column": 25
        }
      },
      "4": {
        "start": {
          "line": 15,
          "column": 17
        },
        "end": {
          "line": 15,
          "column": 23
        }
      },
      "5": {
        "start": {
          "line": 16,
          "column": 23
        },
        "end": {
          "line": 16,
          "column": 33
        }
      },
      "6": {
        "start": {
          "line": 17,
          "column": 28
        },
        "end": {
          "line": 17,
          "column": 38
        }
      },
      "7": {
        "start": {
          "line": 18,
          "column": 18
        },
        "end": {
          "line": 18,
          "column": 25
        }
      },
      "8": {
        "start": {
          "line": 20,
          "column": 6
        },
        "end": {
          "line": 20,
          "column": 42
        }
      },
      "9": {
        "start": {
          "line": 23,
          "column": 6
        },
        "end": {
          "line": 23,
          "column": 25
        }
      },
      "10": {
        "start": {
          "line": 24,
          "column": 6
        },
        "end": {
          "line": 24,
          "column": 30
        }
      },
      "11": {
        "start": {
          "line": 27,
          "column": 6
        },
        "end": {
          "line": 27,
          "column": 31
        }
      },
      "12": {
        "start": {
          "line": 30,
          "column": 6
        },
        "end": {
          "line": 30,
          "column": 25
        }
      },
      "13": {
        "start": {
          "line": 31,
          "column": 6
        },
        "end": {
          "line": 46,
          "column": 7
        }
      },
      "14": {
        "start": {
          "line": 31,
          "column": 19
        },
        "end": {
          "line": 31,
          "column": 20
        }
      },
      "15": {
        "start": {
          "line": 32,
          "column": 21
        },
        "end": {
          "line": 32,
          "column": 44
        }
      },
      "16": {
        "start": {
          "line": 33,
          "column": 22
        },
        "end": {
          "line": 35,
          "column": 10
        }
      },
      "17": {
        "start": {
          "line": 34,
          "column": 10
        },
        "end": {
          "line": 34,
          "column": 53
        }
      },
      "18": {
        "start": {
          "line": 36,
          "column": 8
        },
        "end": {
          "line": 36,
          "column": 33
        }
      },
      "19": {
        "start": {
          "line": 37,
          "column": 8
        },
        "end": {
          "line": 44,
          "column": 9
        }
      },
      "20": {
        "start": {
          "line": 38,
          "column": 10
        },
        "end": {
          "line": 38,
          "column": 63
        }
      },
      "21": {
        "start": {
          "line": 39,
          "column": 10
        },
        "end": {
          "line": 39,
          "column": 39
        }
      },
      "22": {
        "start": {
          "line": 40,
          "column": 10
        },
        "end": {
          "line": 42,
          "column": 18
        }
      },
      "23": {
        "start": {
          "line": 41,
          "column": 12
        },
        "end": {
          "line": 41,
          "column": 42
        }
      },
      "24": {
        "start": {
          "line": 43,
          "column": 10
        },
        "end": {
          "line": 43,
          "column": 17
        }
      },
      "25": {
        "start": {
          "line": 45,
          "column": 8
        },
        "end": {
          "line": 45,
          "column": 50
        }
      },
      "26": {
        "start": {
          "line": 47,
          "column": 6
        },
        "end": {
          "line": 47,
          "column": 17
        }
      },
      "27": {
        "start": {
          "line": 50,
          "column": 6
        },
        "end": {
          "line": 50,
          "column": 31
        }
      },
      "28": {
        "start": {
          "line": 51,
          "column": 6
        },
        "end": {
          "line": 51,
          "column": 31
        }
      },
      "29": {
        "start": {
          "line": 53,
          "column": 25
        },
        "end": {
          "line": 53,
          "column": 139
        }
      },
      "30": {
        "start": {
          "line": 54,
          "column": 4
        },
        "end": {
          "line": 54,
          "column": 95
        }
      },
      "31": {
        "start": {
          "line": 55,
          "column": 4
        },
        "end": {
          "line": 55,
          "column": 24
        }
      },
      "32": {
        "start": {
          "line": 59,
          "column": 21
        },
        "end": {
          "line": 59,
          "column": 88
        }
      },
      "33": {
        "start": {
          "line": 59,
          "column": 29
        },
        "end": {
          "line": 59,
          "column": 87
        }
      },
      "34": {
        "start": {
          "line": 60,
          "column": 19
        },
        "end": {
          "line": 63,
          "column": 1
        }
      },
      "35": {
        "start": {
          "line": 64,
          "column": 19
        },
        "end": {
          "line": 67,
          "column": 1
        }
      },
      "36": {
        "start": {
          "line": 68,
          "column": 19
        },
        "end": {
          "line": 71,
          "column": 1
        }
      },
      "37": {
        "start": {
          "line": 72,
          "column": 35
        },
        "end": {
          "line": 78,
          "column": 2
        }
      },
      "38": {
        "start": {
          "line": 72,
          "column": 70
        },
        "end": {
          "line": 78,
          "column": 1
        }
      },
      "39": {
        "start": {
          "line": 79,
          "column": 19
        },
        "end": {
          "line": 82,
          "column": 1
        }
      },
      "40": {
        "start": {
          "line": 83,
          "column": 19
        },
        "end": {
          "line": 87,
          "column": 1
        }
      },
      "41": {
        "start": {
          "line": 89,
          "column": 2
        },
        "end": {
          "line": 176,
          "column": 4
        }
      },
      "42": {
        "start": {
          "line": 100,
          "column": 32
        },
        "end": {
          "line": 106,
          "column": 9
        }
      },
      "43": {
        "start": {
          "line": 137,
          "column": 12
        },
        "end": {
          "line": 167,
          "column": 14
        }
      },
      "44": {
        "start": {
          "line": 162,
          "column": 39
        },
        "end": {
          "line": 162,
          "column": 59
        }
      }
    },
    "fnMap": {
      "0": {
        "name": "(anonymous_0)",
        "decl": {
          "start": {
            "line": 8,
            "column": 68
          },
          "end": {
            "line": 8,
            "column": 69
          }
        },
        "loc": {
          "start": {
            "line": 8,
            "column": 74
          },
          "end": {
            "line": 8,
            "column": 76
          }
        },
        "line": 8
      },
      "1": {
        "name": "(anonymous_1)",
        "decl": {
          "start": {
            "line": 12,
            "column": 2
          },
          "end": {
            "line": 12,
            "column": 3
          }
        },
        "loc": {
          "start": {
            "line": 12,
            "column": 53
          },
          "end": {
            "line": 56,
            "column": 3
          }
        },
        "line": 12
      },
      "2": {
        "name": "onChange",
        "decl": {
          "start": {
            "line": 19,
            "column": 13
          },
          "end": {
            "line": 19,
            "column": 21
          }
        },
        "loc": {
          "start": {
            "line": 19,
            "column": 24
          },
          "end": {
            "line": 21,
            "column": 5
          }
        },
        "line": 19
      },
      "3": {
        "name": "dragover",
        "decl": {
          "start": {
            "line": 22,
            "column": 13
          },
          "end": {
            "line": 22,
            "column": 21
          }
        },
        "loc": {
          "start": {
            "line": 22,
            "column": 25
          },
          "end": {
            "line": 25,
            "column": 5
          }
        },
        "line": 22
      },
      "4": {
        "name": "dragleave",
        "decl": {
          "start": {
            "line": 26,
            "column": 13
          },
          "end": {
            "line": 26,
            "column": 22
          }
        },
        "loc": {
          "start": {
            "line": 26,
            "column": 25
          },
          "end": {
            "line": 28,
            "column": 5
          }
        },
        "line": 26
      },
      "5": {
        "name": "drop",
        "decl": {
          "start": {
            "line": 29,
            "column": 13
          },
          "end": {
            "line": 29,
            "column": 17
          }
        },
        "loc": {
          "start": {
            "line": 29,
            "column": 21
          },
          "end": {
            "line": 48,
            "column": 5
          }
        },
        "line": 29
      },
      "6": {
        "name": "(anonymous_6)",
        "decl": {
          "start": {
            "line": 33,
            "column": 55
          },
          "end": {
            "line": 33,
            "column": 56
          }
        },
        "loc": {
          "start": {
            "line": 33,
            "column": 70
          },
          "end": {
            "line": 35,
            "column": 9
          }
        },
        "line": 33
      },
      "7": {
        "name": "(anonymous_7)",
        "decl": {
          "start": {
            "line": 40,
            "column": 21
          },
          "end": {
            "line": 40,
            "column": 22
          }
        },
        "loc": {
          "start": {
            "line": 40,
            "column": 27
          },
          "end": {
            "line": 42,
            "column": 11
          }
        },
        "line": 40
      },
      "8": {
        "name": "remove",
        "decl": {
          "start": {
            "line": 49,
            "column": 13
          },
          "end": {
            "line": 49,
            "column": 19
          }
        },
        "loc": {
          "start": {
            "line": 49,
            "column": 23
          },
          "end": {
            "line": 52,
            "column": 5
          }
        },
        "line": 49
      },
      "9": {
        "name": "(anonymous_9)",
        "decl": {
          "start": {
            "line": 59,
            "column": 21
          },
          "end": {
            "line": 59,
            "column": 22
          }
        },
        "loc": {
          "start": {
            "line": 59,
            "column": 29
          },
          "end": {
            "line": 59,
            "column": 87
          }
        },
        "line": 59
      },
      "10": {
        "name": "(anonymous_10)",
        "decl": {
          "start": {
            "line": 72,
            "column": 48
          },
          "end": {
            "line": 72,
            "column": 49
          }
        },
        "loc": {
          "start": {
            "line": 72,
            "column": 70
          },
          "end": {
            "line": 78,
            "column": 1
          }
        },
        "line": 72
      },
      "11": {
        "name": "_sfc_render",
        "decl": {
          "start": {
            "line": 88,
            "column": 9
          },
          "end": {
            "line": 88,
            "column": 20
          }
        },
        "loc": {
          "start": {
            "line": 88,
            "column": 68
          },
          "end": {
            "line": 177,
            "column": 1
          }
        },
        "line": 88
      },
      "12": {
        "name": "(anonymous_12)",
        "decl": {
          "start": {
            "line": 100,
            "column": 26
          },
          "end": {
            "line": 100,
            "column": 27
          }
        },
        "loc": {
          "start": {
            "line": 100,
            "column": 32
          },
          "end": {
            "line": 106,
            "column": 9
          }
        },
        "line": 100
      },
      "13": {
        "name": "(anonymous_13)",
        "decl": {
          "start": {
            "line": 136,
            "column": 36
          },
          "end": {
            "line": 136,
            "column": 37
          }
        },
        "loc": {
          "start": {
            "line": 136,
            "column": 53
          },
          "end": {
            "line": 168,
            "column": 11
          }
        },
        "line": 136
      },
      "14": {
        "name": "(anonymous_14)",
        "decl": {
          "start": {
            "line": 162,
            "column": 27
          },
          "end": {
            "line": 162,
            "column": 28
          }
        },
        "loc": {
          "start": {
            "line": 162,
            "column": 39
          },
          "end": {
            "line": 162,
            "column": 59
          }
        },
        "line": 162
      }
    },
    "branchMap": {
      "0": {
        "loc": {
          "start": {
            "line": 37,
            "column": 8
          },
          "end": {
            "line": 44,
            "column": 9
          }
        },
        "type": "if",
        "locations": [
          {
            "start": {
              "line": 37,
              "column": 8
[...]
      "1": {
        "loc": {
          "start": {
            "line": 44,
            "column": 17
          },
          "end": {
            "line": 44,
            "column": 103
          }
        },
        "type": "binary-expr",
        "locations": [
          {
            "start": {
              "line": 44,
              "column": 17
            },
            "end": {
              "line": 44,
              "column": 26
            }
          },
          {
            "start": {
              "line": 44,
              "column": 31
            },
            "end": {
              "line": 44,
              "column": 102
            }
          }
        ],
        "line": 44
      },
      "2": {
        "loc": {
          "start": {
            "line": 45,
            "column": 19
          },
          "end": {
            "line": 45,
            "column": 79
          }
        },
        "type": "binary-expr",
        "locations": [
          {
            "start": {
              "line": 45,
              "column": 19
            },
            "end": {
              "line": 45,
              "column": 28
            }
          },
          {
            "start": {
              "line": 45,
              "column": 33
            },
            "end": {
              "line": 45,
              "column": 78
            }
          }
        ],
        "line": 45
      },
      "3": {
        "loc": {
          "start": {
            "line": 46,
            "column": 20
          },
          "end": {
            "line": 46,
            "column": 81
          }
        },
        "type": "binary-expr",
        "locations": [
          {
            "start": {
              "line": 46,
              "column": 20
            },
            "end": {
              "line": 46,
              "column": 29
            }
          },
          {
            "start": {
              "line": 46,
              "column": 34
            },
            "end": {
              "line": 46,
              "column": 80
            }
          }
        ],
        "line": 46
      }
    },
    "s": {
      "0": 6,
      "1": 9,
      "2": 9,
      "3": 9,
      "4": 9,
      "5": 9,
      "6": 9,
      "7": 6,
      "8": 0,
      "9": 6,
      "10": 9,
      "11": 9,
      "12": 0,
      "13": 0,
      "14": 0
    },
    "f": {
      "0": 9,
      "1": 0,
      "2": 9,
      "3": 9,
      "4": 0,
      "5": 0,
      "6": 0
    },
    "b": {
      "0": [
        9,
        0
      ],
      "1": [
        9,
        9
      ],
      "2": [
        9,
        9
      ],
      "3": [
        9,
        9
      ]
    },
    "inputSourceMap": {
      "version": 3,
      "mappings": ";AAcA,SAAS,WAAW;AACpB,OAAO,YAAY;;;;;;;;;;AAUnB,UAAM,UAAU,IAAI,KAAK;AAEzB,UAAM,OAAO;;;;;;;;mBA3Bb;;uBACE;AAAA,IASM;AAAA;AAAA,MATD,OADP,iBACa,WAAS,WAAoB,mBAAO;AAAA;;MAC/B,oCAAd,aAAqD,oBAFzD;AAAA,0BAE+B,MAAiB;AAAA,UAFhD;AAAA,6BAEkC,kBAAW;AAAA;AAAA;AAAA;AAAA;QAF7C;AAAA;AAAA;AAAA,MAGI,oBAME;AAAA,QALA,MAAK;AAAA,QACJ,OAAO;AAAA,QACP,SAAK,2BAAG,UAAU,YAAI,gBAAkB,MAAyB,QAAQ,KAAK;AAAA,QAC9E,WAAO,sCAAE,iBAAO;AAAA,QAChB,YAAQ,sCAAE,iBAAO;AAAA,mBARxB;AAAA",
      "names": [],
      "sources": [
        "/home/gil/Documents/Projects/trail/frontend/src/components/forms/SingleLineText.vue"
      ],
      "file": "/home/gil/Documents/Projects/trail/frontend/src/components/forms/SingleLineText.vue"
    },
    "_coverageSchema": "1a1c01bbd47fc00a2c39e90264f33305004495a9",
    "hash": "fe52327e8ffe6a34a49ebd4b04b4a9d27d6c977c"
  },
  "/home/gil/Documents/Projects/trail/frontend/src/components/TripUpload.vue": {
    "path": "/home/gil/Documents/Projects/trail/frontend/src/components/TripUpload.vue",
    "statementMap": {
      "0": {
        "start": {
          "line": 8,
          "column": 34
        },
        "end": {
          "line": 29,
          "column": 2
        }
      },
      "1": {
        "start": {
          "line": 11,
          "column": 4
        },
        "end": {
          "line": 11,
          "column": 15
        }
      },
      "2": {
        "start": {
          "line": 12,
          "column": 23
        },
        "end": {
          "line": 12,
          "column": 38
        }
      },
      "3": {
        "start": {
          "line": 13,
          "column": 19
        },
        "end": {
          "line": 13,
          "column": 26
        }
      },
      "4": {
        "start": {
          "line": 14,
          "column": 18
        },
        "end": {
          "line": 14,
          "column": 25
        }
      },
      "5": {
        "start": {
          "line": 15,
          "column": 22
        },
        "end": {
          "line": 15,
          "column": 29
        }
      },
      "6": {
        "start": {
          "line": 17,
          "column": 6
        },
        "end": {
          "line": 17,
          "column": 26
        }
      },
      "7": {
        "start": {
          "line": 20,
          "column": 6
        },
        "end": {
          "line": 20,
          "column": 121
        }
      },
      "8": {
        "start": {
          "line": 20,
          "column": 67
        },
        "end": {
          "line": 20,
          "column": 86
        }
      },
      "9": {
        "start": {
          "line": 20,
          "column": 100
        },
        "end": {
          "line": 20,
          "column": 119
        }
      },
      "10": {
        "start": {
          "line": 23,
          "column": 6
        },
        "end": {
          "line": 23,
          "column": 33
        }
      },
      "11": {
        "start": {
          "line": 25,
          "column": 25
        },
        "end": {
          "line": 25,
          "column": 156
        }
      },
      "12": {
        "start": {
          "line": 26,
          "column": 4
        },
        "end": {
          "line": 26,
          "column": 95
        }
      },
      "13": {
        "start": {
          "line": 27,
          "column": 4
        },
        "end": {
          "line": 27,
          "column": 24
        }
      },
      "14": {
        "start": {
          "line": 31,
          "column": 21
        },
        "end": {
          "line": 31,
          "column": 88
        }
      },
      "15": {
        "start": {
          "line": 31,
          "column": 29
        },
        "end": {
          "line": 31,
          "column": 87
        }
      },
      "16": {
        "start": {
          "line": 32,
          "column": 19
        },
        "end": {
          "line": 35,
          "column": 1
        }
      },
      "17": {
        "start": {
          "line": 37,
          "column": 2
        },
        "end": {
          "line": 64,
          "column": 5
        }
      },
      "18": {
        "start": {
          "line": 38,
          "column": 28
        },
        "end": {
          "line": 61,
          "column": 5
        }
      }
    },
    "fnMap": {
      "0": {
        "name": "(anonymous_0)",
        "decl": {
          "start": {
            "line": 10,
            "column": 2
          },
          "end": {
            "line": 10,
            "column": 3
          }
        },
        "loc": {
          "start": {
            "line": 10,
            "column": 39
          },
          "end": {
            "line": 28,
            "column": 3
          }
        },
        "line": 10
      },
      "1": {
        "name": "onFilesChanged",
        "decl": {
          "start": {
            "line": 16,
            "column": 13
          },
          "end": {
            "line": 16,
            "column": 27
          }
        },
        "loc": {
          "start": {
            "line": 16,
            "column": 35
          },
          "end": {
            "line": 18,
            "column": 5
          }
        },
        "line": 16
      },
      "2": {
        "name": "upload",
        "decl": {
          "start": {
            "line": 19,
            "column": 13
          },
          "end": {
            "line": 19,
            "column": 19
          }
        },
        "loc": {
          "start": {
            "line": 19,
            "column": 22
          },
          "end": {
            "line": 21,
            "column": 5
          }
        },
        "line": 19
      },
      "3": {
        "name": "(anonymous_3)",
        "decl": {
          "start": {
            "line": 20,
            "column": 61
          },
          "end": {
            "line": 20,
            "column": 62
          }
        },
        "loc": {
          "start": {
            "line": 20,
            "column": 67
          },
          "end": {
            "line": 20,
            "column": 86
          }
        },
        "line": 20
      },
      "4": {
        "name": "(anonymous_4)",
        "decl": {
          "start": {
            "line": 20,
            "column": 94
          },
          "end": {
            "line": 20,
            "column": 95
          }
        },
        "loc": {
          "start": {
            "line": 20,
            "column": 100
          },
          "end": {
            "line": 20,
            "column": 119
          }
        },
        "line": 20
      },
      "5": {
        "name": "routeNameChanged",
        "decl": {
          "start": {
            "line": 22,
            "column": 13
          },
          "end": {
            "line": 22,
            "column": 29
          }
        },
        "loc": {
          "start": {
            "line": 22,
            "column": 40
          },
          "end": {
            "line": 24,
            "column": 5
          }
        },
        "line": 22
      },
      "6": {
        "name": "(anonymous_6)",
        "decl": {
          "start": {
            "line": 31,
            "column": 21
          },
          "end": {
            "line": 31,
            "column": 22
          }
        },
        "loc": {
          "start": {
            "line": 31,
            "column": 29
          },
          "end": {
            "line": 31,
            "column": 87
          }
        },
        "line": 31
      },
      "7": {
        "name": "_sfc_render",
        "decl": {
          "start": {
            "line": 36,
            "column": 9
          },
          "end": {
            "line": 36,
            "column": 20
          }
        },
        "loc": {
          "start": {
            "line": 36,
            "column": 68
          },
          "end": {
            "line": 65,
            "column": 1
          }
        },
        "line": 36
      },
      "8": {
        "name": "(anonymous_8)",
        "decl": {
          "start": {
            "line": 38,
            "column": 22
          },
          "end": {
            "line": 38,
            "column": 23
          }
        },
        "loc": {
          "start": {
            "line": 38,
            "column": 28
          },
          "end": {
            "line": 61,
            "column": 5
          }
        },
        "line": 38
      }
    },
    "branchMap": {
      "0": {
        "loc": {
          "start": {
            "line": 49,
            "column": 6
          },
          "end": {
            "line": 55,
            "column": 44
          }
        },
        "type": "cond-expr",
        "locations": [
          {
            "start": {
              "line": 49,
              "column": 23
            },
            "end": {
              "line": 55,
              "column": 7
            }
          },
          {
            "start": {
              "line": 55,
              "column": 11
            },
            "end": {
              "line": 55,
              "column": 44
            }
          }
        ],
        "line": 49
      }
    },
    "s": {
      "0": 6,
      "1": 9,
      "2": 9,
      "3": 9,
      "4": 9,
      "5": 9,
      "6": 5,
      "7": 5,
      "8": 3,
      "9": 2,
      "10": 0,
      "11": 9,
      "12": 9,
      "13": 9,
      "14": 6,
      "15": 0,
      "16": 6,
      "17": 9,
      "18": 14
    },
    "f": {
      "0": 9,
      "1": 5,
      "2": 5,
      "3": 3,
      "4": 2,
      "5": 0,
      "6": 0,
      "7": 9,
      "8": 14
    },
    "b": {
      "0": [
        5,
        9
      ]
    },
    "inputSourceMap": {
      "version": 3,
      "mappings": ";AAgBA,OAAO,WAAW;AAClB,OAAO,oBAAoB;AAC3B,OAAO,oBAAoB;AAC3B,OAAO,cAAc;AACrB,SAAS,WAAqB;AAC9B,SAAS,qBAAqB;;;;;AAE9B,UAAM,aAAa,cAAc;AAEjC,UAAM,SAAsB,IAAI,EAAE;AAElC,UAAM,QAAqB,IAAI,CAAC,CAAC;AAEjC,UAAM,YAAyB,IAAI,EAAE;AAErC,aAAS,eAAe,OAAe;AACrC,YAAM,QAAQ;AAAA,IAChB;AAEA,aAAS,SAAS;AAChB,iBACG,SAAS,UAAU,OAAO,MAAM,KAAK,EACrC,KAAK,MAAO,OAAO,QAAQ,IAAK,EAChC,MAAM,MAAO,OAAO,QAAQ,IAAK;AAAA,IACtC;AAEA,aAAS,iBAAiB,UAAkB;AAC1C,gBAAU,QAAQ;AAAA,IACpB;;;;;;;;;EA5CA;AAAA,EAUU,WAAQ;;;uBAThB,aAWQ,mBAXD,OAAM,cAAa;AAAA,IAD5B,kBAEI,MAA6E;AAAA,MAA7E,aAA6E;AAAA,QAA5D,gBAAe;AAAA,QAAkB,gBAAa;AAAA;MAE/D,aAKY;AAAA,QAJV,gBAAa;AAAA,QACb,OAAM;AAAA,QACL,2BAAyB;AAAA,QACzB,kBAAgB;AAAA;MAEc,+BAAjC;AAAA,QAA4D;AAAA,QAA5D;AAAA,QAA4D,iBAAhB,aAAM;AAAA;AAAA;AAAA,WAVtD;AAAA,MAWI,aAA2E;AAAA,QAA3D,WAAQ;AAAA,QAAa,OAAM;AAAA,QAAe,SAAO;AAAA;;IAXrE;AAAA;AAAA",
      "names": [],
      "sources": [
        "/home/gil/Documents/Projects/trail/frontend/src/components/TripUpload.vue"
      ],
      "file": "/home/gil/Documents/Projects/trail/frontend/src/components/TripUpload.vue"
    },
    "_coverageSchema": "1a1c01bbd47fc00a2c39e90264f33305004495a9",
    "hash": "1b522db240c4183003ad50c928280686d16a7b09"
  },
  "/home/gil/Documents/Projects/trail/frontend/src/components/forms/TButton.vue": {
    "path": "/home/gil/Documents/Projects/trail/frontend/src/components/forms/TButton.vue",
    "statementMap": {
      "0": {
        "start": {
          "line": 2,
          "column": 34
        },
        "end": {
          "line": 13,
          "column": 2
        }
      },
      "1": {
        "start": {
          "line": 8,
          "column": 4
        },
        "end": {
          "line": 8,
          "column": 15
        }
      },
      "2": {
        "start": {
          "line": 9,
          "column": 25
        },
        "end": {
          "line": 9,
          "column": 27
        }
      },
      "3": {
        "start": {
          "line": 10,
          "column": 4
        },
        "end": {
          "line": 10,
          "column": 95
        }
      },
      "4": {
        "start": {
          "line": 11,
          "column": 4
        },
        "end": {
          "line": 11,
          "column": 24
        }
      },
      "5": {
        "start": {
          "line": 15,
          "column": 21
        },
        "end": {
          "line": 15,
          "column": 88
        }
      },
      "6": {
        "start": {
          "line": 15,
          "column": 29
        },
        "end": {
          "line": 15,
          "column": 87
        }
      },
      "7": {
        "start": {
          "line": 16,
          "column": 19
        },
        "end": {
          "line": 16,
          "column": 50
        }
      },
      "8": {
        "start": {
          "line": 17,
          "column": 19
        },
        "end": {
          "line": 20,
          "column": 1
        }
      },
      "9": {
        "start": {
          "line": 22,
          "column": 2
        },
        "end": {
          "line": 31,
          "column": 5
        }
      }
    },
    "fnMap": {
      "0": {
        "name": "(anonymous_0)",
        "decl": {
          "start": {
            "line": 7,
            "column": 2
          },
          "end": {
            "line": 7,
            "column": 3
          }
        },
        "loc": {
          "start": {
            "line": 7,
            "column": 39
          },
          "end": {
            "line": 12,
            "column": 3
          }
        },
        "line": 7
      },
      "1": {
        "name": "(anonymous_1)",
        "decl": {
          "start": {
            "line": 15,
            "column": 21
          },
          "end": {
            "line": 15,
            "column": 22
          }
        },
        "loc": {
          "start": {
            "line": 15,
            "column": 29
          },
          "end": {
            "line": 15,
            "column": 87
          }
        },
        "line": 15
      },
      "2": {
        "name": "_sfc_render",
        "decl": {
          "start": {
            "line": 21,
            "column": 9
          },
          "end": {
            "line": 21,
            "column": 20
          }
        },
        "loc": {
          "start": {
            "line": 21,
            "column": 68
          },
          "end": {
            "line": 32,
            "column": 1
          }
        },
        "line": 21
      }
    },
    "branchMap": {
      "0": {
        "loc": {
          "start": {
            "line": 24,
            "column": 4
          },
          "end": {
            "line": 30,
            "column": 42
          }
        },
        "type": "cond-expr",
        "locations": [
          {
            "start": {
              "line": 24,
              "column": 20
            },
            "end": {
              "line": 30,
              "column": 5
            }
          },
          {
            "start": {
              "line": 30,
              "column": 9
            },
            "end": {
              "line": 30,
              "column": 42
            }
          }
        ],
        "line": 24
      }
    },
    "s": {
      "0": 2,
      "1": 2,
      "2": 2,
      "3": 2,
      "4": 2,
      "5": 2,
      "6": 0,
      "7": 2,
      "8": 2,
      "9": 2
    },
    "f": {
      "0": 2,
      "1": 0,
      "2": 2
    },
    "b": {
      "0": [
        2,
        0
      ]
    },
    "inputSourceMap": {
      "version": 3,
      "mappings": ";;;;;;;;;;;;;;;qBACU,OAAM,qBAAoB;;EADpC;AAAA,EAGU,WAAQ;;;uBAFhB,oBAGS,UAHT,YAGS;AAAA,IAFP,YAAQ;AAAA,IAC2B,8BAAnC;AAAA,MAA4D;AAAA,MAA5D;AAAA,MAA4D,iBAAf,YAAK;AAAA;AAAA;AAAA,SAHtD;AAAA",
      "names": [],
      "sources": [
        "/home/gil/Documents/Projects/trail/frontend/src/components/forms/TButton.vue"
      ],
      "file": "/home/gil/Documents/Projects/trail/frontend/src/components/forms/TButton.vue"
    },
    "_coverageSchema": "1a1c01bbd47fc00a2c39e90264f33305004495a9",
    "hash": "da56816c927436f1a0ea6315b9c7b20e9d92fd73"
  },
  "/home/gil/Documents/Projects/trail/frontend/src/main.ts": {
    "path": "/home/gil/Documents/Projects/trail/frontend/src/main.ts",
    "statementMap": {},
    "fnMap": {},
    "branchMap": {},
    "s": {},
    "f": {},
    "b": {}
  },
  "/home/gil/Documents/Projects/trail/frontend/src/router/index.ts": {
    "path": "/home/gil/Documents/Projects/trail/frontend/src/router/index.ts",
    "statementMap": {},
    "fnMap": {},
    "branchMap": {},
    "s": {},
    "f": {},
    "b": {}
  },
  "/home/gil/Documents/Projects/trail/frontend/src/stores/types.ts": {
    "path": "/home/gil/Documents/Projects/trail/frontend/src/stores/types.ts",
    "statementMap": {},
    "fnMap": {},
    "branchMap": {},
    "s": {},
    "f": {},
    "b": {}
  },
  "/home/gil/Documents/Projects/trail/frontend/src/components/__tests__/TripUpload.spec2.ts": {
    "path": "/home/gil/Documents/Projects/trail/frontend/src/components/__tests__/TripUpload.spec2.ts",
    "statementMap": {},
    "fnMap": {},
    "branchMap": {},
    "s": {},
    "f": {},
    "b": {}
  },
  "/home/gil/Documents/Projects/trail/frontend/src/components/map/map.ts": {
    "path": "/home/gil/Documents/Projects/trail/frontend/src/components/map/map.ts",
    "statementMap": {},
    "fnMap": {},
    "branchMap": {},
    "s": {},
    "f": {},
    "b": {}
  },
  "/home/gil/Documents/Projects/trail/frontend/src/stores/image/types.ts": {
    "path": "/home/gil/Documents/Projects/trail/frontend/src/stores/image/types.ts",
    "statementMap": {},
    "fnMap": {},
    "branchMap": {},
    "s": {},
    "f": {},
    "b": {}
  }
}
